<?xml version="1.0" encoding="UTF-8"?>
<testsuite xmlns:xsi="http://www.w3.org/2001/XMLSchema-instance" xsi:noNamespaceSchemaLocation="https://maven.apache.org/surefire/maven-surefire-plugin/xsd/surefire-test-report.xsd" name="TestSuite" time="0.765" tests="5" errors="0" skipped="0" failures="0">
  <properties>
    <property name="java.specification.version" value="17"/>
    <property name="sun.cpu.isalist" value="amd64"/>
    <property name="sun.jnu.encoding" value="Cp1252"/>
    <property name="java.class.path" value="C:\Users\Grove\github-classroom\cs2901-2022-1-Ingenieria-de-Software\lab-03-a-GU-U7\target\test-classes;C:\Users\Grove\github-classroom\cs2901-2022-1-Ingenieria-de-Software\lab-03-a-GU-U7\target\classes;C:\Users\Grove\.m2\repository\org\testng\testng\7.0.0-beta1\testng-7.0.0-beta1.jar;C:\Users\Grove\.m2\repository\com\beust\jcommander\1.72\jcommander-1.72.jar;C:\Users\Grove\.m2\repository\org\apache\logging\log4j\log4j-api\2.13.3\log4j-api-2.13.3.jar;C:\Users\Grove\.m2\repository\org\apache\logging\log4j\log4j-core\2.13.3\log4j-core-2.13.3.jar;"/>
    <property name="java.vm.vendor" value="Oracle Corporation"/>
    <property name="sun.arch.data.model" value="64"/>
    <property name="user.variant" value=""/>
    <property name="java.vendor.url" value="https://java.oracle.com/"/>
    <property name="user.timezone" value="America/Lima"/>
    <property name="os.name" value="Windows 10"/>
    <property name="java.vm.specification.version" value="17"/>
    <property name="sun.java.launcher" value="SUN_STANDARD"/>
    <property name="user.country" value="MX"/>
    <property name="sun.boot.library.path" value="C:\Program Files\Java\jdk-17.0.1\bin"/>
    <property name="sun.java.command" value="C:\Users\Grove\AppData\Local\Temp\surefire9331686838869142945\surefirebooter16177420866352479949.jar C:\Users\Grove\AppData\Local\Temp\surefire9331686838869142945 2022-04-01T21-26-57_675-jvmRun1 surefire1902804497196671516tmp surefire_03894540947028262452tmp"/>
    <property name="jdk.debug" value="release"/>
    <property name="surefire.test.class.path" value="C:\Users\Grove\github-classroom\cs2901-2022-1-Ingenieria-de-Software\lab-03-a-GU-U7\target\test-classes;C:\Users\Grove\github-classroom\cs2901-2022-1-Ingenieria-de-Software\lab-03-a-GU-U7\target\classes;C:\Users\Grove\.m2\repository\org\testng\testng\7.0.0-beta1\testng-7.0.0-beta1.jar;C:\Users\Grove\.m2\repository\com\beust\jcommander\1.72\jcommander-1.72.jar;C:\Users\Grove\.m2\repository\org\apache\logging\log4j\log4j-api\2.13.3\log4j-api-2.13.3.jar;C:\Users\Grove\.m2\repository\org\apache\logging\log4j\log4j-core\2.13.3\log4j-core-2.13.3.jar;"/>
    <property name="sun.cpu.endian" value="little"/>
    <property name="user.home" value="C:\Users\Grove"/>
    <property name="user.language" value="es"/>
    <property name="java.specification.vendor" value="Oracle Corporation"/>
    <property name="java.version.date" value="2021-10-19"/>
    <property name="java.home" value="C:\Program Files\Java\jdk-17.0.1"/>
    <property name="file.separator" value="\"/>
    <property name="basedir" value="C:\Users\Grove\github-classroom\cs2901-2022-1-Ingenieria-de-Software\lab-03-a-GU-U7"/>
    <property name="java.vm.compressedOopsMode" value="Zero based"/>
    <property name="line.separator" value="&#10;"/>
    <property name="java.vm.specification.vendor" value="Oracle Corporation"/>
    <property name="java.specification.name" value="Java Platform API Specification"/>
    <property name="surefire.real.class.path" value="C:\Users\Grove\AppData\Local\Temp\surefire9331686838869142945\surefirebooter16177420866352479949.jar"/>
    <property name="user.script" value=""/>
    <property name="sun.management.compiler" value="HotSpot 64-Bit Tiered Compilers"/>
    <property name="java.runtime.version" value="17.0.1+12-LTS-39"/>
    <property name="user.name" value="Grove"/>
    <property name="path.separator" value=";"/>
    <property name="os.version" value="10.0"/>
    <property name="java.runtime.name" value="Java(TM) SE Runtime Environment"/>
    <property name="file.encoding" value="Cp1252"/>
    <property name="java.vm.name" value="Java HotSpot(TM) 64-Bit Server VM"/>
    <property name="localRepository" value="C:\Users\Grove\.m2\repository"/>
    <property name="java.vendor.url.bug" value="https://bugreport.java.com/bugreport/"/>
    <property name="java.io.tmpdir" value="C:\Users\Grove\AppData\Local\Temp\"/>
    <property name="java.version" value="17.0.1"/>
    <property name="user.dir" value="C:\Users\Grove\github-classroom\cs2901-2022-1-Ingenieria-de-Software\lab-03-a-GU-U7"/>
    <property name="os.arch" value="amd64"/>
    <property name="java.vm.specification.name" value="Java Virtual Machine Specification"/>
    <property name="sun.os.patch.level" value=""/>
    <property name="native.encoding" value="Cp1252"/>
    <property name="sonar.projectKey" value="cs2901-2022-1-Ingenieria-de-Software_lab-03-a-GU-U7"/>
    <property name="java.library.path" value="C:\Program Files\Java\jdk-17.0.1\bin;C:\windows\Sun\Java\bin;C:\windows\system32;C:\windows;C:\Users\Grove\bin;C:\Program Files\Git\mingw64\bin;C:\Program Files\Git\usr\local\bin;C:\Program Files\Git\usr\bin;C:\Program Files\Git\usr\bin;C:\Program Files\Git\mingw64\bin;C:\Program Files\Git\usr\bin;C:\Users\Grove\bin;C:\Program Files (x86)\VMware\VMware Player\bin;C:\Program Files\Common Files\Oracle\Java\javapath;C:\Program Files (x86)\Common Files\Oracle\Java\javapath;C:\windows\system32;C:\windows;C:\windows\System32\Wbem;C:\windows\System32\WindowsPowerShell\v1.0;C:\windows\System32\OpenSSH;C:\Program Files (x86)\NVIDIA Corporation\PhysX\Common;C:\Program Files\NVIDIA Corporation\NVIDIA NvDLISR;C:\Program Files\Git\cmd;C:\ProgramData\chocolatey\bin;C:\Program Files\nodejs;C:\Program Files\dotnet;C:\Program Files\Go\bin;C:\Program Files\Docker\Docker\resources\bin;C:\ProgramData\DockerDesktop\version-bin;C:\ProgramData\chocolatey\lib\maven\apache-maven-3.8.5\bin;C:\Users\Grove\AppData\Local\Programs\Python\Python39\Scripts;C:\Users\Grove\AppData\Local\Programs\Python\Python39;C:\Users\Grove\AppData\Local\Microsoft\WindowsApps;C:\Users\Grove\AppData\Local\Programs\Microsoft VS Code\bin;C:\Program Files\iverilog\bin;C:\Program Files\iverilog\gtkwave\bin;C:\Program Files\CMake\bin;C:\Program Files (x86)\GitHub CLI;C:\Program Files\Oracle\VirtualBox;C:\Program Files\PostgreSQL\13\bin;C:\Users\Grove\AppData\Local\JetBrains\GoLand 2021.2.4\bin;C:\Program Files\JetBrains\PyCharm 2021.2.3\bin;C:\Users\Grove\AppData\Roaming\npm;C:\Users\Grove\AppData\Local\Pandoc;C:\Users\Grove\go\bin;C:\Program Files\Java\jdk-17.0.1\bin;C:\tools\neovim\Neovim\bin;C:\Program Files\heroku\bin;C:\Program Files\Git\usr\bin\vendor_perl;C:\Program Files\Git\usr\bin\core_perl;."/>
    <property name="java.vm.info" value="mixed mode, sharing"/>
    <property name="java.vendor" value="Oracle Corporation"/>
    <property name="java.vm.version" value="17.0.1+12-LTS-39"/>
    <property name="sun.io.unicode.encoding" value="UnicodeLittle"/>
    <property name="java.class.version" value="61.0"/>
  </properties>
  <testcase name="test_AllOrdersFromPeru" classname="lab.ManageDemandTest" time="0.013"/>
  <testcase name="test_EmptyList" classname="lab.ManageDemandTest" time="0"/>
  <testcase name="test_NonDefinedCountries" classname="lab.ManageDemandTest" time="0"/>
  <testcase name="test_OrdersWithStringEmpty" classname="lab.ManageDemandTest" time="0"/>
  <testcase name="test_PeruOrdersCustom" classname="lab.ManageDemandTest" time="0"/>
</testsuite>