<?xml version="1.0" encoding="UTF-8"?>
<!-- Generated by org.testng.reporters.JUnitReportReporter -->
<testsuite hostname="MaquinaDProfe" failures="0" tests="4" name="lab.ManageDemandTest" time="0.003" errors="0" timestamp="2022-03-31T21:53:42 PET" skipped="0">
  <testcase classname="lab.ManageDemandTest" name="test_PeruOrdersCustom" time="0.000"/>
  <testcase classname="lab.ManageDemandTest" name="test_NonDefinedCountries" time="0.000"/>
  <testcase classname="lab.ManageDemandTest" name="test_AllOrdersFromPeru" time="0.003"/>
  <testcase classname="lab.ManageDemandTest" name="test_EmptyList" time="0.000"/>
</testsuite> <!-- lab.ManageDemandTest -->
