<?xml version="1.0" encoding="UTF-8"?>
<!-- Generated by org.testng.reporters.JUnitReportReporter -->
<testsuite hostname="MaquinaDProfe" failures="0" tests="3" name="lab.ManageDemandTest" time="0.004" errors="0" timestamp="2022-03-31T21:50:33 PET" skipped="0">
  <testcase classname="lab.ManageDemandTest" name="test_AllOrdersFromPeru" time="0.003"/>
  <testcase classname="lab.ManageDemandTest" name="test_EmptyList" time="0.000"/>
  <testcase classname="lab.ManageDemandTest" name="test_PeruOrdersCustokm" time="0.001"/>
</testsuite> <!-- lab.ManageDemandTest -->
